Raspbian

・初回起動

Usename: pi
パスワード: raspberry

sudo raspi-config
作業：パーティションの拡張(Expand Filesystem)
作業：日本語ロケール追加(Internationalisation Options → Change Locale)
作業：タイムゾーンを変更(Internationalisation Options → Change Timezone)

・パッケージの更新
sudo apt-get update
※ APTライブラリのインデックスを更新します。更新先は/etc/apt/sources.listに記述されています
sudo apt-get upgrade
※ システムにインストールされているパッケージを最新バージョンにします

・ホスト名変更
sudo nano /etc/hostname
sudo nano /etc/hosts
sudo /etc/init.d/networking restart

・radiko録音のために必要なパッケージをインストール
sudo apt-get install rtmpdump swftools libxml2-utils ffmpeg

・radikoを録音するためのスクリプト
rec_radiko.sh

・Mackerelで死活監視する
Mackerel( https://mackerel.io/ja )

wget https://github.com/mackerelio/mackerel-agent/releases/download/v0.18.1-k/mackerel-agent_linux_arm.tar.gz
tar xzf mackerel-agent_linux_arm.tar.gz
sudo mv mackerel-agent_linux_arm /opt/mackerel-agent

sudo sh << SCRIPT
cat >>/opt/mackerel-agent/mackerel-agent.conf <<'EOF';
apikey = "取得したapikey"
EOF
SCRIPT

agent起動用スクリプト
sudo touch /etc/init.d/mackerel-agent
chmod +x /etc/init.d/mackerel-agent
update-rc.d mackerel-agent defaults

・tty2からtty6を無効にする
sudo nano /etc/inittab

・cronの実行結果をメールしない
crontab -e
MAILTO=""
